生成启动时间为 2016/6/17 21:14:31。
     1>项目“F:\忙忙碌碌喋喋不休\大二下\信息安全基础综合设计实验\RC4-correct\RC4.vcxproj”在节点 2 上(Build 个目标)。
     1>ClCompile:
         C:\Program Files (x86)\Microsoft Visual Studio 14.0\VC\bin\CL.exe /c /ZI /nologo /W3 /WX- /Od /Oy- /D WIN32 /D _DEBUG /D _WINDOWS /D _VC80_UPGRADE=0x0600 /D _MBCS /D _AFXDLL /Gm /EHsc /RTC1 /MDd /GS /Gy- /fp:precise /Zc:wchar_t /Zc:forScope /Zc:inline /Yu"stdafx.h" /Fp".\Debug\RC4.pch" /Fo".\Debug\\" /Fd".\Debug\vc140.pdb" /Gd /TP /analyze- /errorReport:prompt RC4ACT.cpp RC4Dlg.cpp
         RC4Dlg.cpp
     1>f:\忙忙碌碌喋喋不休\大二下\信息安全基础综合设计实验\rc4-correct\rc4dlg.cpp(204): warning C4996: 'strcpy': This function or variable may be unsafe. Consider using strcpy_s instead. To disable deprecation, use _CRT_SECURE_NO_WARNINGS. See online help for details.
         c:\program files (x86)\windows kits\10\include\10.0.10150.0\ucrt\string.h(119): note: 参见“strcpy”的声明
     1>f:\忙忙碌碌喋喋不休\大二下\信息安全基础综合设计实验\rc4-correct\rc4dlg.cpp(205): warning C4996: 'strcpy': This function or variable may be unsafe. Consider using strcpy_s instead. To disable deprecation, use _CRT_SECURE_NO_WARNINGS. See online help for details.
         c:\program files (x86)\windows kits\10\include\10.0.10150.0\ucrt\string.h(119): note: 参见“strcpy”的声明
     1>f:\忙忙碌碌喋喋不休\大二下\信息安全基础综合设计实验\rc4-correct\rc4dlg.cpp(249): warning C4996: 'strcpy': This function or variable may be unsafe. Consider using strcpy_s instead. To disable deprecation, use _CRT_SECURE_NO_WARNINGS. See online help for details.
         c:\program files (x86)\windows kits\10\include\10.0.10150.0\ucrt\string.h(119): note: 参见“strcpy”的声明
     1>f:\忙忙碌碌喋喋不休\大二下\信息安全基础综合设计实验\rc4-correct\rc4dlg.cpp(250): warning C4996: 'strcpy': This function or variable may be unsafe. Consider using strcpy_s instead. To disable deprecation, use _CRT_SECURE_NO_WARNINGS. See online help for details.
         c:\program files (x86)\windows kits\10\include\10.0.10150.0\ucrt\string.h(119): note: 参见“strcpy”的声明
         RC4ACT.cpp
         正在生成代码...
       Link:
         C:\Program Files (x86)\Microsoft Visual Studio 14.0\VC\bin\link.exe /ERRORREPORT:PROMPT /OUT:".\Debug\RC4.exe" /INCREMENTAL /NOLOGO /MANIFEST /MANIFESTUAC:"level='asInvoker' uiAccess='false'" /manifest:embed /manifestinput:"C:\Program Files (x86)\Microsoft Visual Studio 14.0\VC\Include\Manifest\dpiaware.manifest" /Debug /PDB:".\Debug\RC4.pdb" /SUBSYSTEM:WINDOWS /TLBID:1 /DYNAMICBASE /NXCOMPAT /IMPLIB:".\Debug\RC4.lib" /MACHINE:X86 /SAFESEH .\Debug\RC4.res
         .\Debug\RC4.obj
         .\Debug\RC4ACT.obj
         .\Debug\RC4Dlg.obj
         .\Debug\StdAfx.obj
         RC4.vcxproj -> F:\忙忙碌碌喋喋不休\大二下\信息安全基础综合设计实验\RC4-correct\.\Debug\RC4.exe
     1>已完成生成项目“F:\忙忙碌碌喋喋不休\大二下\信息安全基础综合设计实验\RC4-correct\RC4.vcxproj”(Build 个目标)的操作。

已成功生成。

已用时间 00:00:08.82
