生成启动时间为 2016/6/18 15:13:59。
     1>项目“F:\忙忙碌碌喋喋不休\大二下\信息安全基础综合设计实验\DES-correct\DES.vcxproj”在节点 2 上(Build 个目标)。
     1>ClCompile:
         C:\Program Files (x86)\Microsoft Visual Studio 14.0\VC\bin\CL.exe /c /ZI /nologo /W3 /WX- /Od /Oy- /D WIN32 /D _DEBUG /D _WINDOWS /D _VC80_UPGRADE=0x0600 /D _MBCS /D _AFXDLL /Gm /EHsc /RTC1 /MDd /GS /Gy- /fp:precise /Zc:wchar_t /Zc:forScope /Zc:inline /Yc"stdafx.h" /Fp".\Debug\DES.pch" /Fo".\Debug\\" /Fd".\Debug\vc140.pdb" /Gd /TP /analyze- /errorReport:prompt StdAfx.cpp
         StdAfx.cpp
     1>c:\program files (x86)\microsoft visual studio 14.0\vc\atlmfc\include\afx.h(38): warning C4996: 'MBCS_Support_Deprecated_In_MFC': MBCS support in MFC is deprecated and may be removed in a future version of MFC.
         c:\program files (x86)\microsoft visual studio 14.0\vc\atlmfc\include\afx.h(33): note: 参见“MBCS_Support_Deprecated_In_MFC”的声明
         _WIN32_WINNT not defined. Defaulting to _WIN32_WINNT_MAXVER (see WinSDKVer.h)
         C:\Program Files (x86)\Microsoft Visual Studio 14.0\VC\bin\CL.exe /c /ZI /nologo /W3 /WX- /Od /Oy- /D WIN32 /D _DEBUG /D _WINDOWS /D _VC80_UPGRADE=0x0600 /D _MBCS /D _AFXDLL /Gm /EHsc /RTC1 /MDd /GS /Gy- /fp:precise /Zc:wchar_t /Zc:forScope /Zc:inline /Yu"stdafx.h" /Fp".\Debug\DES.pch" /Fo".\Debug\\" /Fd".\Debug\vc140.pdb" /Gd /TP /analyze- /errorReport:prompt DES.cpp DESACT.cpp DESDlg.cpp
         DESDlg.cpp
     1>f:\忙忙碌碌喋喋不休\大二下\信息安全基础综合设计实验\des-correct\des.h(19): error C2365: “ENCRYPT”: 重定义；以前的定义是“枚举数”
         c:\program files (x86)\windows kits\8.1\include\shared\ntddndis.h(2021): note: 参见“ENCRYPT”的声明
     1>f:\忙忙碌碌喋喋不休\大二下\信息安全基础综合设计实验\des-correct\desdlg.cpp(227): warning C4305: “参数”: 从“_OFFLOAD_OPERATION_E”到“bool”截断
         DESACT.cpp
     1>f:\忙忙碌碌喋喋不休\大二下\信息安全基础综合设计实验\des-correct\des.h(19): error C2365: “ENCRYPT”: 重定义；以前的定义是“枚举数”
         c:\program files (x86)\windows kits\8.1\include\shared\ntddndis.h(2021): note: 参见“ENCRYPT”的声明
     1>f:\忙忙碌碌喋喋不休\大二下\信息安全基础综合设计实验\des-correct\desact.cpp(214): warning C4806: “==”: 不安全操作: 从类型“bool”提升到类型“_OFFLOAD_OPERATION_E”的值不能等于给定的常量
         DES.cpp
     1>f:\忙忙碌碌喋喋不休\大二下\信息安全基础综合设计实验\des-correct\des.h(19): error C2365: “ENCRYPT”: 重定义；以前的定义是“枚举数”
         c:\program files (x86)\windows kits\8.1\include\shared\ntddndis.h(2021): note: 参见“ENCRYPT”的声明
         正在生成代码...
     1>已完成生成项目“F:\忙忙碌碌喋喋不休\大二下\信息安全基础综合设计实验\DES-correct\DES.vcxproj”(Build 个目标)的操作 - 失败。

生成失败。

已用时间 00:00:27.22
