生成启动时间为 2016/5/30 15:21:54。
     1>项目“E:\忙忙碌碌喋喋不休\信息安全基础综合设计实验\PRIME-correct\PRIME.vcxproj”在节点 2 上(Build 个目标)。
     1>ClCompile:
         C:\Program Files (x86)\Microsoft Visual Studio 14.0\VC\bin\CL.exe /c /ZI /nologo /W3 /WX- /Od /Oy- /D WIN32 /D _DEBUG /D _WINDOWS /D _VC80_UPGRADE=0x0600 /D _MBCS /Gm /EHsc /RTC1 /MTd /GS /Gy- /fp:precise /Zc:wchar_t /Zc:forScope /Zc:inline /Yc"stdafx.h" /Fp".\Debug\PRIME.pch" /Fo".\Debug\\" /Fd".\Debug\vc140.pdb" /Gd /TP /analyze- /errorReport:prompt StdAfx.cpp
         StdAfx.cpp
     1>c:\program files (x86)\microsoft visual studio 14.0\vc\atlmfc\include\afx.h(38): warning C4996: 'MBCS_Support_Deprecated_In_MFC': MBCS support in MFC is deprecated and may be removed in a future version of MFC.
         c:\program files (x86)\microsoft visual studio 14.0\vc\atlmfc\include\afx.h(33): note: 参见“MBCS_Support_Deprecated_In_MFC”的声明
         _WIN32_WINNT not defined. Defaulting to _WIN32_WINNT_MAXVER (see WinSDKVer.h)
         C:\Program Files (x86)\Microsoft Visual Studio 14.0\VC\bin\CL.exe /c /ZI /nologo /W3 /WX- /Od /Oy- /D WIN32 /D _DEBUG /D _WINDOWS /D _VC80_UPGRADE=0x0600 /D _MBCS /Gm /EHsc /RTC1 /MTd /GS /Gy- /fp:precise /Zc:wchar_t /Zc:forScope /Zc:inline /Yu"stdafx.h" /Fp".\Debug\PRIME.pch" /Fo".\Debug\\" /Fd".\Debug\vc140.pdb" /Gd /TP /analyze- /errorReport:prompt Eratosthenes.cpp MillerRabin.cpp modExpFun.cpp PRIME.cpp PRIMEDlg.cpp
         PRIMEDlg.cpp
         PRIME.cpp
     1>e:\忙忙碌碌喋喋不休\信息安全基础综合设计实验\prime-correct\prime.cpp(54): warning C4996: 'CWinApp::Enable3dControlsStatic': CWinApp::Enable3dControlsStatic is no longer needed. You should remove this call.
         c:\program files (x86)\microsoft visual studio 14.0\vc\atlmfc\include\afxwin.h(5227): note: 参见“CWinApp::Enable3dControlsStatic”的声明
         modExpFun.cpp
     1>e:\忙忙碌碌喋喋不休\信息安全基础综合设计实验\prime-correct\modexpfun.cpp(10): warning C4101: “p”: 未引用的局部变量
         MillerRabin.cpp
     1>e:\忙忙碌碌喋喋不休\信息安全基础综合设计实验\prime-correct\millerrabin.cpp(414): warning C4101: “j”: 未引用的局部变量
         Eratosthenes.cpp
     1>e:\忙忙碌碌喋喋不休\信息安全基础综合设计实验\prime-correct\eratosthenes.cpp(23): warning C4018: “<=”: 有符号/无符号不匹配
     1>e:\忙忙碌碌喋喋不休\信息安全基础综合设计实验\prime-correct\eratosthenes.cpp(27): warning C4018: “<=”: 有符号/无符号不匹配
     1>e:\忙忙碌碌喋喋不休\信息安全基础综合设计实验\prime-correct\eratosthenes.cpp(11): warning C4101: “reminder”: 未引用的局部变量
         正在生成代码...
       ResourceCompile:
         C:\Program Files (x86)\Windows Kits\8.1\bin\x86\rc.exe /D _DEBUG /D _VC80_UPGRADE=0x0600 /l"0x0804" /nologo /fo".\Debug\PRIME.res" PRIME.rc 
       Link:
         C:\Program Files (x86)\Microsoft Visual Studio 14.0\VC\bin\link.exe /ERRORREPORT:PROMPT /OUT:".\Debug\PRIME.exe" /INCREMENTAL /NOLOGO /MANIFEST /MANIFESTUAC:"level='asInvoker' uiAccess='false'" /manifest:embed /manifestinput:"C:\Program Files (x86)\Microsoft Visual Studio 14.0\VC\Include\Manifest\dpiaware.manifest" /Debug /PDB:".\Debug\PRIME.pdb" /SUBSYSTEM:WINDOWS /TLBID:1 /DYNAMICBASE /NXCOMPAT /IMPLIB:".\Debug\PRIME.lib" /MACHINE:X86 /SAFESEH .\Debug\PRIME.res
         .\Debug\Eratosthenes.obj
         .\Debug\MillerRabin.obj
         .\Debug\modExpFun.obj
         .\Debug\PRIME.obj
         .\Debug\PRIMEDlg.obj
         .\Debug\StdAfx.obj
         LINK : 没有找到 .\Debug\PRIME.exe 或上一个增量链接没有生成它；正在执行完全链接
     1>Eratosthenes.obj : warning LNK4075: 忽略“/EDITANDCONTINUE”(由于“/SAFESEH”规范)
         PRIME.vcxproj -> E:\忙忙碌碌喋喋不休\信息安全基础综合设计实验\PRIME-correct\.\Debug\PRIME.exe
     1>已完成生成项目“E:\忙忙碌碌喋喋不休\信息安全基础综合设计实验\PRIME-correct\PRIME.vcxproj”(Build 个目标)的操作。

已成功生成。

已用时间 00:02:20.02
