生成启动时间为 2016/6/18 15:11:37。
     1>项目“F:\忙忙碌碌喋喋不休\大二下\信息安全基础综合设计实验\第七次课\SHA1\SHA1.vcxproj”在节点 2 上(Build 个目标)。
     1>ClCompile:
         C:\Program Files (x86)\Microsoft Visual Studio 14.0\VC\bin\CL.exe /c /ZI /nologo /W3 /WX- /Od /Oy- /D WIN32 /D _DEBUG /D _WINDOWS /D _VC80_UPGRADE=0x0600 /D _MBCS /D _AFXDLL /Gm /EHsc /RTC1 /MDd /GS /Gy- /fp:precise /Zc:wchar_t /Zc:forScope /Zc:inline /Yc"stdafx.h" /Fp".\Debug\SHA1.pch" /Fo".\Debug\\" /Fd".\Debug\vc140.pdb" /Gd /TP /analyze- /errorReport:prompt StdAfx.cpp
         StdAfx.cpp
     1>c:\program files (x86)\microsoft visual studio 14.0\vc\atlmfc\include\afx.h(38): warning C4996: 'MBCS_Support_Deprecated_In_MFC': MBCS support in MFC is deprecated and may be removed in a future version of MFC.
         c:\program files (x86)\microsoft visual studio 14.0\vc\atlmfc\include\afx.h(33): note: 参见“MBCS_Support_Deprecated_In_MFC”的声明
         _WIN32_WINNT not defined. Defaulting to _WIN32_WINNT_MAXVER (see WinSDKVer.h)
         C:\Program Files (x86)\Microsoft Visual Studio 14.0\VC\bin\CL.exe /c /ZI /nologo /W3 /WX- /Od /Oy- /D WIN32 /D _DEBUG /D _WINDOWS /D _VC80_UPGRADE=0x0600 /D _MBCS /D _AFXDLL /Gm /EHsc /RTC1 /MDd /GS /Gy- /fp:precise /Zc:wchar_t /Zc:forScope /Zc:inline /Yu"stdafx.h" /Fp".\Debug\SHA1.pch" /Fo".\Debug\\" /Fd".\Debug\vc140.pdb" /Gd /TP /analyze- /errorReport:prompt SHA1.cpp SHA1ACT.cpp SHA1Dlg.cpp
         SHA1Dlg.cpp
         SHA1ACT.cpp
         SHA1.cpp
     1>f:\忙忙碌碌喋喋不休\大二下\信息安全基础综合设计实验\第七次课\sha1\sha1.cpp(52): warning C4996: 'CWinApp::Enable3dControls': CWinApp::Enable3dControls is no longer needed. You should remove this call.
         c:\program files (x86)\microsoft visual studio 14.0\vc\atlmfc\include\afxwin.h(5224): note: 参见“CWinApp::Enable3dControls”的声明
         正在生成代码...
       ResourceCompile:
         C:\Program Files (x86)\Windows Kits\8.1\bin\x86\rc.exe /D _DEBUG /D _VC80_UPGRADE=0x0600 /D _AFXDLL /l"0x0804" /nologo /fo".\Debug\SHA1.res" SHA1.rc 
       Link:
         C:\Program Files (x86)\Microsoft Visual Studio 14.0\VC\bin\link.exe /ERRORREPORT:PROMPT /OUT:".\Debug\SHA1.exe" /INCREMENTAL /NOLOGO /MANIFEST /MANIFESTUAC:"level='asInvoker' uiAccess='false'" /manifest:embed /manifestinput:"C:\Program Files (x86)\Microsoft Visual Studio 14.0\VC\Include\Manifest\dpiaware.manifest" /Debug /PDB:".\Debug\SHA1.pdb" /SUBSYSTEM:WINDOWS /TLBID:1 /DYNAMICBASE /NXCOMPAT /IMPLIB:".\Debug\SHA1.lib" /MACHINE:X86 /SAFESEH .\Debug\SHA1.res
         .\Debug\SHA1.obj
         .\Debug\SHA1ACT.obj
         .\Debug\SHA1Dlg.obj
         .\Debug\StdAfx.obj
     1>SHA1.obj : warning LNK4075: 忽略“/EDITANDCONTINUE”(由于“/SAFESEH”规范)
         SHA1.vcxproj -> F:\忙忙碌碌喋喋不休\大二下\信息安全基础综合设计实验\第七次课\SHA1\.\Debug\SHA1.exe
     1>已完成生成项目“F:\忙忙碌碌喋喋不休\大二下\信息安全基础综合设计实验\第七次课\SHA1\SHA1.vcxproj”(Build 个目标)的操作。

已成功生成。

已用时间 00:01:12.33
